# JRE version: OpenJDK Runtime Environment Temurin-21.0.10+7 (21.0.10+7) (build 21.0.10+7-LTS)
# Java VM: OpenJDK 64-Bit Server VM Temurin-21.0.10+7 (21.0.10+7-LTS, mixed mode, sharing, tiered, compressed oops, compressed class ptrs, parallel gc, windows-amd64)
GC Precious Log:
 CardTable entry size: 512
 CPUs: 8 total, 8 available
 Memory: 7480M
 Large Page Support: Disabled
 NUMA Support: Disabled
 Compressed Oops: Enabled (32-bit)
 Alignments: Space 512K, Generation 512K, Heap 2M
 Heap Min Capacity: 100M
 Heap Initial Capacity: 100M
 Heap Max Capacity: 2G
 Pre-touch: Disabled
 Parallel Workers: 8
Heap:
 PSYoungGen      total 5120K, used 2461K [0x00000000d5580000, 0x00000000d5f00000, 0x0000000100000000)
  eden space 4608K, 47% used [0x00000000d5580000,0x00000000d57a7678,0x00000000d5a00000)
  from space 512K, 50% used [0x00000000d5e80000,0x00000000d5ec0000,0x00000000d5f00000)
  to   space 1024K, 0% used [0x00000000d5d00000,0x00000000d5d00000,0x00000000d5e00000)
 ParOldGen       total 181248K, used 181196K [0x0000000080000000, 0x000000008b100000, 0x00000000d5580000)
  object space 181248K, 99% used [0x0000000080000000,0x000000008b0f3228,0x000000008b100000)
 Metaspace       used 91557K, committed 93440K, reserved 1179648K
  class space    used 10486K, committed 11328K, reserved 1048576K
GC Heap History (20 events):
Event: 147.071 GC heap before
{Heap before GC invocations=201 (full 4):
 PSYoungGen      total 5120K, used 4896K [0x00000000d5580000, 0x00000000d6080000, 0x0000000100000000)
  eden space 4608K, 100% used [0x00000000d5580000,0x00000000d5a00000,0x00000000d5a00000)
  from space 512K, 56% used [0x00000000d6000000,0x00000000d6048000,0x00000000d6080000)
  to   space 512K, 0% used [0x00000000d5f80000,0x00000000d5f80000,0x00000000d6000000)
 ParOldGen       total 178176K, used 178011K [0x0000000080000000, 0x000000008ae00000, 0x00000000d5580000)
  object space 178176K, 99% used [0x0000000080000000,0x000000008add6d60,0x000000008ae00000)
 Metaspace       used 89021K, committed 90816K, reserved 1179648K
  class space    used 10185K, committed 11008K, reserved 1048576K
}
Event: 147.072 GC heap after
{Heap after GC invocations=201 (full 4):
 PSYoungGen      total 5120K, used 256K [0x00000000d5580000, 0x00000000d6080000, 0x0000000100000000)
  eden space 4608K, 0% used [0x00000000d5580000,0x00000000d5580000,0x00000000d5a00000)
  from space 512K, 50% used [0x00000000d5f80000,0x00000000d5fc0000,0x00000000d6000000)
  to   space 512K, 0% used [0x00000000d6000000,0x00000000d6000000,0x00000000d6080000)
 ParOldGen       total 178176K, used 178170K [0x0000000080000000, 0x000000008ae00000, 0x00000000d5580000)
  object space 178176K, 99% used [0x0000000080000000,0x000000008adfea70,0x000000008ae00000)
 Metaspace       used 89021K, committed 90816K, reserved 1179648K
  class space    used 10185K, committed 11008K, reserved 1048576K
}
Event: 147.156 GC heap before
{Heap before GC invocations=202 (full 4):
 PSYoungGen      total 5120K, used 4864K [0x00000000d5580000, 0x00000000d6080000, 0x0000000100000000)
  eden space 4608K, 100% used [0x00000000d5580000,0x00000000d5a00000,0x00000000d5a00000)
  from space 512K, 50% used [0x00000000d5f80000,0x00000000d5fc0000,0x00000000d6000000)
  to   space 512K, 0% used [0x00000000d6000000,0x00000000d6000000,0x00000000d6080000)
 ParOldGen       total 178176K, used 178170K [0x0000000080000000, 0x000000008ae00000, 0x00000000d5580000)
  object space 178176K, 99% used [0x0000000080000000,0x000000008adfea70,0x000000008ae00000)
 Metaspace       used 89556K, committed 91328K, reserved 1179648K
  class space    used 10270K, committed 11072K, reserved 1048576K
}
Event: 147.157 GC heap after
{Heap after GC invocations=202 (full 4):
 PSYoungGen      total 5120K, used 256K [0x00000000d5580000, 0x00000000d6080000, 0x0000000100000000)
  eden space 4608K, 0% used [0x00000000d5580000,0x00000000d5580000,0x00000000d5a00000)
  from space 512K, 50% used [0x00000000d6000000,0x00000000d6040000,0x00000000d6080000)
  to   space 512K, 0% used [0x00000000d5f80000,0x00000000d5f80000,0x00000000d6000000)
 ParOldGen       total 178688K, used 178306K [0x0000000080000000, 0x000000008ae80000, 0x00000000d5580000)
  object space 178688K, 99% used [0x0000000080000000,0x000000008ae20a70,0x000000008ae80000)
 Metaspace       used 89556K, committed 91328K, reserved 1179648K
  class space    used 10270K, committed 11072K, reserved 1048576K
}
Event: 147.307 GC heap before
{Heap before GC invocations=203 (full 4):
 PSYoungGen      total 5120K, used 4864K [0x00000000d5580000, 0x00000000d6080000, 0x0000000100000000)
  eden space 4608K, 100% used [0x00000000d5580000,0x00000000d5a00000,0x00000000d5a00000)
  from space 512K, 50% used [0x00000000d6000000,0x00000000d6040000,0x00000000d6080000)
  to   space 512K, 0% used [0x00000000d5f80000,0x00000000d5f80000,0x00000000d6000000)
 ParOldGen       total 178688K, used 178306K [0x0000000080000000, 0x000000008ae80000, 0x00000000d5580000)
  object space 178688K, 99% used [0x0000000080000000,0x000000008ae20a70,0x000000008ae80000)
 Metaspace       used 89669K, committed 91456K, reserved 1179648K
  class space    used 10287K, committed 11072K, reserved 1048576K
}
Event: 147.308 GC heap after
{Heap after GC invocations=203 (full 4):
 PSYoungGen      total 5120K, used 192K [0x00000000d5580000, 0x00000000d6080000, 0x0000000100000000)
  eden space 4608K, 0% used [0x00000000d5580000,0x00000000d5580000,0x00000000d5a00000)
  from space 512K, 37% used [0x00000000d5f80000,0x00000000d5fb0000,0x00000000d6000000)
  to   space 512K, 0% used [0x00000000d6000000,0x00000000d6000000,0x00000000d6080000)
 ParOldGen       total 178688K, used 178410K [0x0000000080000000, 0x000000008ae80000, 0x00000000d5580000)
  object space 178688K, 99% used [0x0000000080000000,0x000000008ae3aa70,0x000000008ae80000)
 Metaspace       used 89669K, committed 91456K, reserved 1179648K
  class space    used 10287K, committed 11072K, reserved 1048576K
}
Event: 165.201 GC heap before
{Heap before GC invocations=204 (full 4):
 PSYoungGen      total 5120K, used 4800K [0x00000000d5580000, 0x00000000d6080000, 0x0000000100000000)
  eden space 4608K, 100% used [0x00000000d5580000,0x00000000d5a00000,0x00000000d5a00000)
  from space 512K, 37% used [0x00000000d5f80000,0x00000000d5fb0000,0x00000000d6000000)
  to   space 512K, 0% used [0x00000000d6000000,0x00000000d6000000,0x00000000d6080000)
 ParOldGen       total 178688K, used 178410K [0x0000000080000000, 0x000000008ae80000, 0x00000000d5580000)
  object space 178688K, 99% used [0x0000000080000000,0x000000008ae3aa70,0x000000008ae80000)
 Metaspace       used 90208K, committed 92032K, reserved 1179648K
  class space    used 10362K, committed 11200K, reserved 1048576K
}
Event: 165.203 GC heap after
{Heap after GC invocations=204 (full 4):
 PSYoungGen      total 5120K, used 304K [0x00000000d5580000, 0x00000000d6080000, 0x0000000100000000)
  eden space 4608K, 0% used [0x00000000d5580000,0x00000000d5580000,0x00000000d5a00000)
  from space 512K, 59% used [0x00000000d6000000,0x00000000d604c010,0x00000000d6080000)
  to   space 512K, 0% used [0x00000000d5f80000,0x00000000d5f80000,0x00000000d6000000)
 ParOldGen       total 178688K, used 178466K [0x0000000080000000, 0x000000008ae80000, 0x00000000d5580000)
  object space 178688K, 99% used [0x0000000080000000,0x000000008ae48a70,0x000000008ae80000)
 Metaspace       used 90208K, committed 92032K, reserved 1179648K
  class space    used 10362K, committed 11200K, reserved 1048576K
}
Event: 165.505 GC heap before
{Heap before GC invocations=205 (full 4):
 PSYoungGen      total 5120K, used 4912K [0x00000000d5580000, 0x00000000d6080000, 0x0000000100000000)
  eden space 4608K, 100% used [0x00000000d5580000,0x00000000d5a00000,0x00000000d5a00000)
  from space 512K, 59% used [0x00000000d6000000,0x00000000d604c010,0x00000000d6080000)
  to   space 512K, 0% used [0x00000000d5f80000,0x00000000d5f80000,0x00000000d6000000)
 ParOldGen       total 178688K, used 178466K [0x0000000080000000, 0x000000008ae80000, 0x00000000d5580000)
  object space 178688K, 99% used [0x0000000080000000,0x000000008ae48a70,0x000000008ae80000)
 Metaspace       used 90487K, committed 92288K, reserved 1179648K
  class space    used 10399K, committed 11200K, reserved 1048576K
}
Event: 165.508 GC heap after
{Heap after GC invocations=205 (full 4):
 PSYoungGen      total 5120K, used 512K [0x00000000d5580000, 0x00000000d6080000, 0x0000000100000000)
  eden space 4608K, 0% used [0x00000000d5580000,0x00000000d5580000,0x00000000d5a00000)
  from space 512K, 100% used [0x00000000d5f80000,0x00000000d6000000,0x00000000d6000000)
  to   space 512K, 0% used [0x00000000d6000000,0x00000000d6000000,0x00000000d6080000)
 ParOldGen       total 178688K, used 178682K [0x0000000080000000, 0x000000008ae80000, 0x00000000d5580000)
  object space 178688K, 99% used [0x0000000080000000,0x000000008ae7eac0,0x000000008ae80000)
 Metaspace       used 90487K, committed 92288K, reserved 1179648K
  class space    used 10399K, committed 11200K, reserved 1048576K
}
Event: 173.362 GC heap before
{Heap before GC invocations=206 (full 4):
 PSYoungGen      total 5120K, used 5096K [0x00000000d5580000, 0x00000000d6080000, 0x0000000100000000)
  eden space 4608K, 99% used [0x00000000d5580000,0x00000000d59fa370,0x00000000d5a00000)
  from space 512K, 100% used [0x00000000d5f80000,0x00000000d6000000,0x00000000d6000000)
  to   space 512K, 0% used [0x00000000d6000000,0x00000000d6000000,0x00000000d6080000)
 ParOldGen       total 178688K, used 178682K [0x0000000080000000, 0x000000008ae80000, 0x00000000d5580000)
  object space 178688K, 99% used [0x0000000080000000,0x000000008ae7eac0,0x000000008ae80000)
 Metaspace       used 90796K, committed 92672K, reserved 1179648K
  class space    used 10416K, committed 11264K, reserved 1048576K
}
Event: 173.364 GC heap after
{Heap after GC invocations=206 (full 4):
 PSYoungGen      total 5120K, used 480K [0x00000000d5580000, 0x00000000d6080000, 0x0000000100000000)
  eden space 4608K, 0% used [0x00000000d5580000,0x00000000d5580000,0x00000000d5a00000)
  from space 512K, 93% used [0x00000000d6000000,0x00000000d6078040,0x00000000d6080000)
  to   space 1536K, 0% used [0x00000000d5d80000,0x00000000d5d80000,0x00000000d5f00000)
 ParOldGen       total 179200K, used 179176K [0x0000000080000000, 0x000000008af00000, 0x00000000d5580000)
  object space 179200K, 99% used [0x0000000080000000,0x000000008aefa1d0,0x000000008af00000)
 Metaspace       used 90796K, committed 92672K, reserved 1179648K
  class space    used 10416K, committed 11264K, reserved 1048576K
}
Event: 173.443 GC heap before
{Heap before GC invocations=207 (full 4):
 PSYoungGen      total 5120K, used 4393K [0x00000000d5580000, 0x00000000d6080000, 0x0000000100000000)
  eden space 4608K, 84% used [0x00000000d5580000,0x00000000d59524b0,0x00000000d5a00000)
  from space 512K, 93% used [0x00000000d6000000,0x00000000d6078040,0x00000000d6080000)
  to   space 1536K, 0% used [0x00000000d5d80000,0x00000000d5d80000,0x00000000d5f00000)
 ParOldGen       total 179200K, used 179176K [0x0000000080000000, 0x000000008af00000, 0x00000000d5580000)
  object space 179200K, 99% used [0x0000000080000000,0x000000008aefa1d0,0x000000008af00000)
 Metaspace       used 90822K, committed 92672K, reserved 1179648K
  class space    used 10421K, committed 11264K, reserved 1048576K
}
Event: 173.445 GC heap after
{Heap after GC invocations=207 (full 4):
 PSYoungGen      total 6144K, used 1280K [0x00000000d5580000, 0x00000000d6080000, 0x0000000100000000)
  eden space 4608K, 0% used [0x00000000d5580000,0x00000000d5580000,0x00000000d5a00000)
  from space 1536K, 83% used [0x00000000d5d80000,0x00000000d5ec02a0,0x00000000d5f00000)
  to   space 1536K, 0% used [0x00000000d5f00000,0x00000000d5f00000,0x00000000d6080000)
 ParOldGen       total 179712K, used 179632K [0x0000000080000000, 0x000000008af80000, 0x00000000d5580000)
  object space 179712K, 99% used [0x0000000080000000,0x000000008af6c220,0x000000008af80000)
 Metaspace       used 90822K, committed 92672K, reserved 1179648K
  class space    used 10421K, committed 11264K, reserved 1048576K
}
Event: 173.533 GC heap before
{Heap before GC invocations=208 (full 4):
 PSYoungGen      total 6144K, used 5888K [0x00000000d5580000, 0x00000000d6080000, 0x0000000100000000)
  eden space 4608K, 100% used [0x00000000d5580000,0x00000000d5a00000,0x00000000d5a00000)
  from space 1536K, 83% used [0x00000000d5d80000,0x00000000d5ec02a0,0x00000000d5f00000)
  to   space 1536K, 0% used [0x00000000d5f00000,0x00000000d5f00000,0x00000000d6080000)
 ParOldGen       total 179712K, used 179632K [0x0000000080000000, 0x000000008af80000, 0x00000000d5580000)
  object space 179712K, 99% used [0x0000000080000000,0x000000008af6c220,0x000000008af80000)
 Metaspace       used 91145K, committed 93056K, reserved 1179648K
  class space    used 10458K, committed 11328K, reserved 1048576K
}
Event: 173.534 GC heap after
{Heap after GC invocations=208 (full 4):
 PSYoungGen      total 5120K, used 416K [0x00000000d5580000, 0x00000000d5f80000, 0x0000000100000000)
  eden space 4608K, 0% used [0x00000000d5580000,0x00000000d5580000,0x00000000d5a00000)
  from space 512K, 81% used [0x00000000d5f00000,0x00000000d5f68000,0x00000000d5f80000)
  to   space 1024K, 0% used [0x00000000d5d80000,0x00000000d5d80000,0x00000000d5e80000)
 ParOldGen       total 180224K, used 180032K [0x0000000080000000, 0x000000008b000000, 0x00000000d5580000)
  object space 180224K, 99% used [0x0000000080000000,0x000000008afd01f8,0x000000008b000000)
 Metaspace       used 91145K, committed 93056K, reserved 1179648K
  class space    used 10458K, committed 11328K, reserved 1048576K
}
Event: 173.619 GC heap before
{Heap before GC invocations=209 (full 4):
 PSYoungGen      total 5120K, used 5024K [0x00000000d5580000, 0x00000000d5f80000, 0x0000000100000000)
  eden space 4608K, 100% used [0x00000000d5580000,0x00000000d5a00000,0x00000000d5a00000)
  from space 512K, 81% used [0x00000000d5f00000,0x00000000d5f68000,0x00000000d5f80000)
  to   space 1024K, 0% used [0x00000000d5d80000,0x00000000d5d80000,0x00000000d5e80000)
 ParOldGen       total 180224K, used 180032K [0x0000000080000000, 0x000000008b000000, 0x00000000d5580000)
  object space 180224K, 99% used [0x0000000080000000,0x000000008afd01f8,0x000000008b000000)
 Metaspace       used 91377K, committed 93312K, reserved 1179648K
  class space    used 10472K, committed 11328K, reserved 1048576K
}
Event: 173.621 GC heap after
{Heap after GC invocations=209 (full 4):
 PSYoungGen      total 5632K, used 1002K [0x00000000d5580000, 0x00000000d5f80000, 0x0000000100000000)
  eden space 4608K, 0% used [0x00000000d5580000,0x00000000d5580000,0x00000000d5a00000)
  from space 1024K, 97% used [0x00000000d5d80000,0x00000000d5e7a980,0x00000000d5e80000)
  to   space 1024K, 0% used [0x00000000d5e80000,0x00000000d5e80000,0x00000000d5f80000)
 ParOldGen       total 180736K, used 180296K [0x0000000080000000, 0x000000008b080000, 0x00000000d5580000)
  object space 180736K, 99% used [0x0000000080000000,0x000000008b0121f8,0x000000008b080000)
 Metaspace       used 91377K, committed 93312K, reserved 1179648K
  class space    used 10472K, committed 11328K, reserved 1048576K
}
Event: 8522.420 GC heap before
{Heap before GC invocations=210 (full 4):
 PSYoungGen      total 5632K, used 5610K [0x00000000d5580000, 0x00000000d5f80000, 0x0000000100000000)
  eden space 4608K, 100% used [0x00000000d5580000,0x00000000d5a00000,0x00000000d5a00000)
  from space 1024K, 97% used [0x00000000d5d80000,0x00000000d5e7a980,0x00000000d5e80000)
  to   space 1024K, 0% used [0x00000000d5e80000,0x00000000d5e80000,0x00000000d5f80000)
 ParOldGen       total 180736K, used 180296K [0x0000000080000000, 0x000000008b080000, 0x00000000d5580000)
  object space 180736K, 99% used [0x0000000080000000,0x000000008b0121f8,0x000000008b080000)
 Metaspace       used 91518K, committed 93376K, reserved 1179648K
  class space    used 10486K, committed 11328K, reserved 1048576K
}
Event: 8522.547 GC heap after
{Heap after GC invocations=210 (full 4):
 PSYoungGen      total 5120K, used 256K [0x00000000d5580000, 0x00000000d5f00000, 0x0000000100000000)
  eden space 4608K, 0% used [0x00000000d5580000,0x00000000d5580000,0x00000000d5a00000)
  from space 512K, 50% used [0x00000000d5e80000,0x00000000d5ec0000,0x00000000d5f00000)
  to   space 1024K, 0% used [0x00000000d5d00000,0x00000000d5d00000,0x00000000d5e00000)
 ParOldGen       total 181248K, used 181196K [0x0000000080000000, 0x000000008b100000, 0x00000000d5580000)
  object space 181248K, 99% used [0x0000000080000000,0x000000008b0f3228,0x000000008b100000)
 Metaspace       used 91518K, committed 93376K, reserved 1179648K
  class space    used 10486K, committed 11328K, reserved 1048576K
}

